  bai_tap_tuan_18.cpp
D:\lap trinh\C++\bai mo dau\bai_tap_tuan_18\bai_tap_tuan_18.cpp(35,17): warning C4566: character represented by universal-character-name '\u1EAD' cannot be represented in the current code page (1252)
D:\lap trinh\C++\bai mo dau\bai_tap_tuan_18\bai_tap_tuan_18.cpp(64,17): warning C4566: character represented by universal-character-name '\u1EAD' cannot be represented in the current code page (1252)
D:\lap trinh\C++\bai mo dau\bai_tap_tuan_18\bai_tap_tuan_18.cpp(97,17): warning C4566: character represented by universal-character-name '\u1EAD' cannot be represented in the current code page (1252)
D:\lap trinh\C++\bai mo dau\bai_tap_tuan_18\bai_tap_tuan_18.cpp(126,17): warning C4566: character represented by universal-character-name '\u1EAD' cannot be represented in the current code page (1252)
D:\lap trinh\C++\bai mo dau\bai_tap_tuan_18\bai_tap_tuan_18.cpp(137,13): warning C4566: character represented by universal-character-name '\u1EAD' cannot be represented in the current code page (1252)
D:\lap trinh\C++\bai mo dau\bai_tap_tuan_18\bai_tap_tuan_18.cpp(137,13): warning C4566: character represented by universal-character-name '\u1ED1' cannot be represented in the current code page (1252)
D:\lap trinh\C++\bai mo dau\bai_tap_tuan_18\bai_tap_tuan_18.cpp(137,13): warning C4566: character represented by universal-character-name '\u0111' cannot be represented in the current code page (1252)
D:\lap trinh\C++\bai mo dau\bai_tap_tuan_18\bai_tap_tuan_18.cpp(137,13): warning C4566: character represented by universal-character-name '\u1EC9' cannot be represented in the current code page (1252)
D:\lap trinh\C++\bai mo dau\bai_tap_tuan_18\bai_tap_tuan_18.cpp(137,13): warning C4566: character represented by universal-character-name '\u1EE7' cannot be represented in the current code page (1252)
D:\lap trinh\C++\bai mo dau\bai_tap_tuan_18\bai_tap_tuan_18.cpp(137,13): warning C4566: character represented by universal-character-name '\u1ED3' cannot be represented in the current code page (1252)
D:\lap trinh\C++\bai mo dau\bai_tap_tuan_18\bai_tap_tuan_18.cpp(137,13): warning C4566: character represented by universal-character-name '\u1ECB' cannot be represented in the current code page (1252)
D:\lap trinh\C++\bai mo dau\bai_tap_tuan_18\bai_tap_tuan_18.cpp(139,13): warning C4566: character represented by universal-character-name '\u1EAD' cannot be represented in the current code page (1252)
D:\lap trinh\C++\bai mo dau\bai_tap_tuan_18\bai_tap_tuan_18.cpp(139,13): warning C4566: character represented by universal-character-name '\u1ED1' cannot be represented in the current code page (1252)
D:\lap trinh\C++\bai mo dau\bai_tap_tuan_18\bai_tap_tuan_18.cpp(139,13): warning C4566: character represented by universal-character-name '\u1EA1' cannot be represented in the current code page (1252)
D:\lap trinh\C++\bai mo dau\bai_tap_tuan_18\bai_tap_tuan_18.cpp(139,13): warning C4566: character represented by universal-character-name '\u1EE7' cannot be represented in the current code page (1252)
D:\lap trinh\C++\bai mo dau\bai_tap_tuan_18\bai_tap_tuan_18.cpp(139,13): warning C4566: character represented by universal-character-name '\u0111' cannot be represented in the current code page (1252)
D:\lap trinh\C++\bai mo dau\bai_tap_tuan_18\bai_tap_tuan_18.cpp(139,13): warning C4566: character represented by universal-character-name '\u1ED3' cannot be represented in the current code page (1252)
D:\lap trinh\C++\bai mo dau\bai_tap_tuan_18\bai_tap_tuan_18.cpp(139,13): warning C4566: character represented by universal-character-name '\u1ECB' cannot be represented in the current code page (1252)
D:\lap trinh\C++\bai mo dau\bai_tap_tuan_18\bai_tap_tuan_18.cpp(147,13): warning C4566: character represented by universal-character-name '\u1EAD' cannot be represented in the current code page (1252)
D:\lap trinh\C++\bai mo dau\bai_tap_tuan_18\bai_tap_tuan_18.cpp(147,13): warning C4566: character represented by universal-character-name '\u1EA1' cannot be represented in the current code page (1252)
D:\lap trinh\C++\bai mo dau\bai_tap_tuan_18\bai_tap_tuan_18.cpp(147,13): warning C4566: character represented by universal-character-name '\u0111' cannot be represented in the current code page (1252)
D:\lap trinh\C++\bai mo dau\bai_tap_tuan_18\bai_tap_tuan_18.cpp(147,13): warning C4566: character represented by universal-character-name '\u1ECB' cannot be represented in the current code page (1252)
D:\lap trinh\C++\bai mo dau\bai_tap_tuan_18\bai_tap_tuan_18.cpp(156,13): warning C4566: character represented by universal-character-name '\u1EAD' cannot be represented in the current code page (1252)
D:\lap trinh\C++\bai mo dau\bai_tap_tuan_18\bai_tap_tuan_18.cpp(156,13): warning C4566: character represented by universal-character-name '\u0111' cannot be represented in the current code page (1252)
D:\lap trinh\C++\bai mo dau\bai_tap_tuan_18\bai_tap_tuan_18.cpp(156,13): warning C4566: character represented by universal-character-name '\u1EC9' cannot be represented in the current code page (1252)
D:\lap trinh\C++\bai mo dau\bai_tap_tuan_18\bai_tap_tuan_18.cpp(156,13): warning C4566: character represented by universal-character-name '\u1EAF' cannot be represented in the current code page (1252)
D:\lap trinh\C++\bai mo dau\bai_tap_tuan_18\bai_tap_tuan_18.cpp(156,13): warning C4566: character represented by universal-character-name '\u1EA7' cannot be represented in the current code page (1252)
D:\lap trinh\C++\bai mo dau\bai_tap_tuan_18\bai_tap_tuan_18.cpp(156,13): warning C4566: character represented by universal-character-name '\u1EC7' cannot be represented in the current code page (1252)
  bai_tap_tuan_18.vcxproj -> D:\lap trinh\C++\bai mo dau\bai_tap_tuan_18\x64\Debug\bai_tap_tuan_18.exe
